Using pre-set license
Built from '2020.3/staging' branch; Version is '2020.3.14f1 (d0d1bb862f9d) revision 13685179'; Using compiler version '192528614'; Build Type 'Release'
OS: 'Windows 10 Home Single Language; OS build 19042.1165; Version 2009; 64bit' Language: 'en' Physical Memory: 7055 MB
BatchMode: 1, IsHumanControllingUs: 0, StartBugReporterOnCrash: 0, Is64bit: 1, IsPro: 0

 COMMAND LINE ARGUMENTS:
C:\Program Files\2020.3.14f1\Editor\Unity.exe
-adb2
-batchMode
-noUpm
-name
AssetImportWorker7
-projectPath
C:/Users/LENOVO/Desktop/SuryaElz Game/Banteng Ngamook
-logFile
Logs/AssetImportWorker7.log
-srvPort
53214
Successfully changed project path to: C:/Users/LENOVO/Desktop/SuryaElz Game/Banteng Ngamook
C:/Users/LENOVO/Desktop/SuryaElz Game/Banteng Ngamook
Using Asset Import Pipeline V2.
Refreshing native plugins compatible for Editor in 172.29 ms, found 3 plugins.
Preloading 0 native plugins for Editor in 0.00 ms.
Initialize engine version: 2020.3.14f1 (d0d1bb862f9d)
[Subsystems] Discovering subsystems at path C:/Program Files/2020.3.14f1/Editor/Data/Resources/UnitySubsystems
[Subsystems] Discovering subsystems at path C:/Users/LENOVO/Desktop/SuryaElz Game/Banteng Ngamook/Assets
GfxDevice: creating device client; threaded=0
Direct3D:
    Version:  Direct3D 11.0 [level 11.1]
    Renderer: AMD Radeon(TM) R5 Graphics (ID=0x98e4)
    Vendor:   
    VRAM:     3527 MB
    Driver:   27.20.1032.2
Initialize mono
Mono path[0] = 'C:/Program Files/2020.3.14f1/Editor/Data/Managed'
Mono path[1] = 'C:/Program Files/2020.3.14f1/Editor/Data/MonoBleedingEdge/lib/mono/unityjit'
Mono config path = 'C:/Program Files/2020.3.14f1/Editor/Data/MonoBleedingEdge/etc'
Using monoOptions --debugger-agent=transport=dt_socket,embedding=1,server=y,suspend=n,address=127.0.0.1:56096
Begin MonoManager ReloadAssembly
Registering precompiled unity dll's ...
Register platform support module: C:/Program Files/2020.3.14f1/Editor/Data/PlaybackEngines/WebGLSupport/UnityEditor.WebGL.Extensions.dll
Register platform support module: C:/Program Files/2020.3.14f1/Editor/Data/PlaybackEngines/WindowsStandaloneSupport/UnityEditor.WindowsStandalone.Extensions.dll
Registered in 0.009458 seconds.
Native extension for WindowsStandalone target not found
Native extension for WebGL target not found
Refreshing native plugins compatible for Editor in 103.88 ms, found 3 plugins.
Preloading 0 native plugins for Editor in 0.00 ms.
Mono: successfully reloaded assembly
- Completed reload, in  7.669 seconds
Domain Reload Profiling:
	ReloadAssembly (7670ms)
		BeginReloadAssembly (142ms)
			ExecutionOrderSort (0ms)
			DisableScriptedObjects (0ms)
			BackupInstance (0ms)
			ReleaseScriptingObjects (0ms)
			CreateAndSetChildDomain (1ms)
		EndReloadAssembly (1587ms)
			LoadAssemblies (141ms)
			RebuildTransferFunctionScriptingTraits (0ms)
			SetupTypeCache (595ms)
			ReleaseScriptCaches (0ms)
			RebuildScriptCaches (86ms)
			SetupLoadedEditorAssemblies (686ms)
				LogAssemblyErrors (0ms)
				InitializePlatformSupportModulesInManaged (13ms)
				SetLoadedEditorAssemblies (1ms)
				RefreshPlugins (104ms)
				BeforeProcessingInitializeOnLoad (31ms)
				ProcessInitializeOnLoadAttributes (452ms)
				ProcessInitializeOnLoadMethodAttributes (83ms)
				AfterProcessingInitializeOnLoad (0ms)
				EditorAssembliesLoaded (1ms)
			ExecutionOrderSort2 (0ms)
			AwakeInstancesAfterBackupRestoration (0ms)
Platform modules already initialized, skipping
Registering precompiled user dll's ...
Registered in 0.137867 seconds.
Begin MonoManager ReloadAssembly
Native extension for WindowsStandalone target not found
Native extension for WebGL target not found
Refreshing native plugins compatible for Editor in 157.74 ms, found 3 plugins.
Preloading 0 native plugins for Editor in 0.00 ms.
Mono: successfully reloaded assembly
- Completed reload, in  6.430 seconds
Domain Reload Profiling:
	ReloadAssembly (6474ms)
		BeginReloadAssembly (629ms)
			ExecutionOrderSort (0ms)
			DisableScriptedObjects (14ms)
			BackupInstance (0ms)
			ReleaseScriptingObjects (0ms)
			CreateAndSetChildDomain (102ms)
		EndReloadAssembly (5668ms)
			LoadAssemblies (409ms)
			RebuildTransferFunctionScriptingTraits (0ms)
			SetupTypeCache (3412ms)
			ReleaseScriptCaches (2ms)
			RebuildScriptCaches (115ms)
			SetupLoadedEditorAssemblies (1467ms)
				LogAssemblyErrors (0ms)
				InitializePlatformSupportModulesInManaged (12ms)
				SetLoadedEditorAssemblies (0ms)
				RefreshPlugins (158ms)
				BeforeProcessingInitializeOnLoad (315ms)
				ProcessInitializeOnLoadAttributes (890ms)
				ProcessInitializeOnLoadMethodAttributes (46ms)
				AfterProcessingInitializeOnLoad (44ms)
				EditorAssembliesLoaded (1ms)
			ExecutionOrderSort2 (0ms)
			AwakeInstancesAfterBackupRestoration (30ms)
Platform modules already initialized, skipping
========================================================================
Worker process is ready to serve import requests
Launched and connected shader compiler UnityShaderCompiler.exe after 0.50 seconds
Refreshing native plugins compatible for Editor in 1.11 ms, found 3 plugins.
Preloading 0 native plugins for Editor in 0.00 ms.
Unloading 2102 Unused Serialized files (Serialized files now loaded: 0)
System memory in use before: 95.3 MB.
System memory in use after: 95.3 MB.

Unloading 33 unused Assets to reduce memory usage. Loaded Objects now: 2535.
Total: 11.423100 ms (FindLiveObjects: 0.703100 ms CreateObjectMapping: 0.318800 ms MarkObjects: 10.033900 ms  DeleteObjects: 0.363300 ms)

AssetImportParameters requested are different than current active one (requested -> active):
  custom:framework-win-MediaFoundation: 216162199b28c13a410421893ffa2e32 -> 
  custom:video-decoder-ogg-theora: a1e56fd34408186e4bbccfd4996cb3dc -> 
  custom:container-muxer-webm: aa71ff27fc2769a1b78a27578f13a17b -> 
  custom:container-demuxer-webm: 4f35f7cbe854078d1ac9338744f61a02 -> 
  custom:container-demuxer-ogg: 62fdf1f143b41e24485cea50d1cbac27 -> 
  custom:video-encoder-webm-vp8: eb34c28f22e8b96e1ab97ce403110664 -> 
  custom:video-codec-MediaFoundation-h265: 746d11721c4dcdbdad8f713fa42b33f4 -> 
  custom:video-decoder-webm-vp8: 9c59270c3fd7afecdb556c50c9e8de78 -> 
  custom:audio-decoder-ogg-vorbis: bf7c407c2cedff20999df2af8eb42d56 -> 
  custom:audio-encoder-webm-vorbis: bf7c407c2cedff20999df2af8eb42d56 -> 
========================================================================
Received Import Request.
  path: Assets/Button.png
  artifactKey: Guid(4f038120e0bb06c42980a35c4b5e507a) Importer(815301076,1909f56bfc062723c751e8b465ee728b)
Start importing Assets/Button.png using Guid(4f038120e0bb06c42980a35c4b5e507a) Importer(815301076,1909f56bfc062723c751e8b465ee728b)  -> (artifact id: 'fbb3850c315c023d5fc4b11785dfdddd') in 1.730365 seconds 
  Import took 1.740171 seconds .

========================================================================
Received Prepare
Registering precompiled user dll's ...
Registered in 0.014243 seconds.
Begin MonoManager ReloadAssembly
Native extension for WindowsStandalone target not found
Native extension for WebGL target not found
Refreshing native plugins compatible for Editor in 0.90 ms, found 3 plugins.
Preloading 0 native plugins for Editor in 0.00 ms.
Mono: successfully reloaded assembly
- Completed reload, in  5.259 seconds
Domain Reload Profiling:
	ReloadAssembly (5261ms)
		BeginReloadAssembly (711ms)
			ExecutionOrderSort (0ms)
			DisableScriptedObjects (18ms)
			BackupInstance (0ms)
			ReleaseScriptingObjects (0ms)
			CreateAndSetChildDomain (201ms)
		EndReloadAssembly (4343ms)
			LoadAssemblies (664ms)
			RebuildTransferFunctionScriptingTraits (0ms)
			SetupTypeCache (2747ms)
			ReleaseScriptCaches (2ms)
			RebuildScriptCaches (100ms)
			SetupLoadedEditorAssemblies (801ms)
				LogAssemblyErrors (0ms)
				InitializePlatformSupportModulesInManaged (16ms)
				SetLoadedEditorAssemblies (1ms)
				RefreshPlugins (1ms)
				BeforeProcessingInitializeOnLoad (253ms)
				ProcessInitializeOnLoadAttributes (473ms)
				ProcessInitializeOnLoadMethodAttributes (15ms)
				AfterProcessingInitializeOnLoad (41ms)
				EditorAssembliesLoaded (0ms)
			ExecutionOrderSort2 (0ms)
			AwakeInstancesAfterBackupRestoration (59ms)
Platform modules already initialized, skipping
Switching build target platform(19) subTarget(0) extendedPlatform(0) -> platform(13) subTarget(589824) extendedPlatform(0)
Refreshing native plugins compatible for Editor in 5.30 ms, found 3 plugins.
Preloading 0 native plugins for Editor in 0.00 ms.
Unloading 2087 Unused Serialized files (Serialized files now loaded: 0)
System memory in use before: 96.8 MB.
System memory in use after: 96.8 MB.

Unloading 21 unused Assets to reduce memory usage. Loaded Objects now: 2552.
Total: 5.956000 ms (FindLiveObjects: 0.485400 ms CreateObjectMapping: 0.140800 ms MarkObjects: 5.028800 ms  DeleteObjects: 0.297800 ms)

AssetImportParameters requested are different than current active one (requested -> active):
  custom:framework-win-MediaFoundation: 216162199b28c13a410421893ffa2e32 -> 
  custom:video-decoder-ogg-theora: a1e56fd34408186e4bbccfd4996cb3dc -> 
  custom:container-muxer-webm: aa71ff27fc2769a1b78a27578f13a17b -> 
  custom:container-demuxer-webm: 4f35f7cbe854078d1ac9338744f61a02 -> 
  custom:container-demuxer-ogg: 62fdf1f143b41e24485cea50d1cbac27 -> 
  custom:video-encoder-webm-vp8: eb34c28f22e8b96e1ab97ce403110664 -> 
  custom:video-codec-MediaFoundation-h265: 746d11721c4dcdbdad8f713fa42b33f4 -> 
  custom:video-decoder-webm-vp8: 9c59270c3fd7afecdb556c50c9e8de78 -> 
  custom:graphics/normal-map-encoding: 01000000000000000000000000000000 -> 02000000000000000000000000000000
  custom:audio-decoder-ogg-vorbis: bf7c407c2cedff20999df2af8eb42d56 -> 
  custom:audio-encoder-webm-vorbis: bf7c407c2cedff20999df2af8eb42d56 -> 
========================================================================
Received Import Request.
  Time since last request: 112.757907 seconds.
  path: Assets/fdbd007e4319b4a5e014594d1073f481.jpg
  artifactKey: Guid(d97ddd31d70a71343b428580851273b9) Importer(815301076,1909f56bfc062723c751e8b465ee728b)
Start importing Assets/fdbd007e4319b4a5e014594d1073f481.jpg using Guid(d97ddd31d70a71343b428580851273b9) Importer(815301076,1909f56bfc062723c751e8b465ee728b)  -> (artifact id: '244312ec4efbe3347137c26ebb799878') in 0.689604 seconds 
  Import took 0.779843 seconds .

========================================================================
Received Import Request.
  Time since last request: 25.378411 seconds.
  path: Assets/fdbd007e4319b4a5e014594d1073f481.jpg
  artifactKey: Guid(d97ddd31d70a71343b428580851273b9) Importer(815301076,1909f56bfc062723c751e8b465ee728b)
Start importing Assets/fdbd007e4319b4a5e014594d1073f481.jpg using Guid(d97ddd31d70a71343b428580851273b9) Importer(815301076,1909f56bfc062723c751e8b465ee728b)  -> (artifact id: '322824d6d9af557343ff31f453738a83') in 0.271099 seconds 
  Import took 0.305895 seconds .

========================================================================
Received Import Request.
  Time since last request: 209.949291 seconds.
  path: Assets/png-transparent-concept-art-platform-game-tile-based-video-game-2d-computer-graphics-sprite-game-video-game-grass-removebg-preview.png
  artifactKey: Guid(871e7f230b45b514dbd19932b360532d) Importer(815301076,1909f56bfc062723c751e8b465ee728b)
Start importing Assets/png-transparent-concept-art-platform-game-tile-based-video-game-2d-computer-graphics-sprite-game-video-game-grass-removebg-preview.png using Guid(871e7f230b45b514dbd19932b360532d) Importer(815301076,1909f56bfc062723c751e8b465ee728b)  -> (artifact id: '5c94b98a0240c0b17cfe33c47b0ce9ce') in 0.189543 seconds 
  Import took 0.308059 seconds .

========================================================================
Received Import Request.
  Time since last request: 5.041970 seconds.
  path: Assets/png-transparent-concept-art-platform-game-tile-based-video-game-2d-computer-graphics-sprite-game-video-game-grass-removebg-preview.png
  artifactKey: Guid(871e7f230b45b514dbd19932b360532d) Importer(815301076,1909f56bfc062723c751e8b465ee728b)
Start importing Assets/png-transparent-concept-art-platform-game-tile-based-video-game-2d-computer-graphics-sprite-game-video-game-grass-removebg-preview.png using Guid(871e7f230b45b514dbd19932b360532d) Importer(815301076,1909f56bfc062723c751e8b465ee728b)  -> (artifact id: '1d100da426808d3268513d0cb49708d3') in 0.099826 seconds 
  Import took 0.109267 seconds .

========================================================================
Received Import Request.
  Time since last request: 5.859116 seconds.
  path: Assets/png-transparent-concept-art-platform-game-tile-based-video-game-2d-computer-graphics-sprite-game-video-game-grass-removebg-preview.png
  artifactKey: Guid(871e7f230b45b514dbd19932b360532d) Importer(815301076,1909f56bfc062723c751e8b465ee728b)
Start importing Assets/png-transparent-concept-art-platform-game-tile-based-video-game-2d-computer-graphics-sprite-game-video-game-grass-removebg-preview.png using Guid(871e7f230b45b514dbd19932b360532d) Importer(815301076,1909f56bfc062723c751e8b465ee728b)  -> (artifact id: '2a3de4a38df04802ed07d1a8f4f54f98') in 0.214948 seconds 
  Import took 0.300138 seconds .

========================================================================
Received Import Request.
  Time since last request: 222.040014 seconds.
  path: Assets/png-transparent-concept-art-platform-game-tile-based-video-game-2d-computer-graphics-sprite-game-video-game-grass-removebg-preview.png
  artifactKey: Guid(871e7f230b45b514dbd19932b360532d) Importer(815301076,1909f56bfc062723c751e8b465ee728b)
Start importing Assets/png-transparent-concept-art-platform-game-tile-based-video-game-2d-computer-graphics-sprite-game-video-game-grass-removebg-preview.png using Guid(871e7f230b45b514dbd19932b360532d) Importer(815301076,1909f56bfc062723c751e8b465ee728b)  -> (artifact id: 'f59d07858e646e98bdaf70890b57f2a4') in 5.514573 seconds 
  Import took 5.680526 seconds .

========================================================================
Received Import Request.
  Time since last request: 501.659695 seconds.
  path: Assets/png-transparent-concept-art-platform-game-tile-based-video-game-2d-computer-graphics-sprite-game-video-game-grass-removebg-preview.png
  artifactKey: Guid(871e7f230b45b514dbd19932b360532d) Importer(815301076,1909f56bfc062723c751e8b465ee728b)
Start importing Assets/png-transparent-concept-art-platform-game-tile-based-video-game-2d-computer-graphics-sprite-game-video-game-grass-removebg-preview.png using Guid(871e7f230b45b514dbd19932b360532d) Importer(815301076,1909f56bfc062723c751e8b465ee728b)  -> (artifact id: '8d19860b481853782f8aa627d11a72ce') in 0.478368 seconds 
  Import took 0.533317 seconds .

========================================================================
Received Import Request.
  Time since last request: 48.895124 seconds.
  path: Assets/png-transparent-concept-art-platform-game-tile-based-video-game-2d-computer-graphics-sprite-game-video-game-grass-removebg-preview.png
  artifactKey: Guid(871e7f230b45b514dbd19932b360532d) Importer(815301076,1909f56bfc062723c751e8b465ee728b)
Start importing Assets/png-transparent-concept-art-platform-game-tile-based-video-game-2d-computer-graphics-sprite-game-video-game-grass-removebg-preview.png using Guid(871e7f230b45b514dbd19932b360532d) Importer(815301076,1909f56bfc062723c751e8b465ee728b)  -> (artifact id: 'a50bb4064e350fbfbfd054f88cd82f68') in 0.244599 seconds 
  Import took 0.261105 seconds .

========================================================================
Received Import Request.
  Time since last request: 378.489992 seconds.
  path: Assets/png-transparent-concept-art-platform-game-tile-based-video-game-2d-computer-graphics-sprite-game-video-game-grass-removebg-preview.png
  artifactKey: Guid(871e7f230b45b514dbd19932b360532d) Importer(815301076,1909f56bfc062723c751e8b465ee728b)
Start importing Assets/png-transparent-concept-art-platform-game-tile-based-video-game-2d-computer-graphics-sprite-game-video-game-grass-removebg-preview.png using Guid(871e7f230b45b514dbd19932b360532d) Importer(815301076,1909f56bfc062723c751e8b465ee728b)  -> (artifact id: '09387af2783346853ed906fa3a4e26a3') in 0.259786 seconds 
  Import took 0.380047 seconds .

========================================================================
Received Prepare
Registering precompiled user dll's ...
Registered in 0.014022 seconds.
Begin MonoManager ReloadAssembly
Native extension for WindowsStandalone target not found
Native extension for WebGL target not found
Refreshing native plugins compatible for Editor in 1.11 ms, found 3 plugins.
Preloading 0 native plugins for Editor in 0.00 ms.
Mono: successfully reloaded assembly
- Completed reload, in  5.195 seconds
Domain Reload Profiling:
	ReloadAssembly (5206ms)
		BeginReloadAssembly (420ms)
			ExecutionOrderSort (0ms)
			DisableScriptedObjects (33ms)
			BackupInstance (0ms)
			ReleaseScriptingObjects (0ms)
			CreateAndSetChildDomain (147ms)
		EndReloadAssembly (4639ms)
			LoadAssemblies (304ms)
			RebuildTransferFunctionScriptingTraits (0ms)
			SetupTypeCache (1612ms)
			ReleaseScriptCaches (6ms)
			RebuildScriptCaches (220ms)
			SetupLoadedEditorAssemblies (1905ms)
				LogAssemblyErrors (0ms)
				InitializePlatformSupportModulesInManaged (23ms)
				SetLoadedEditorAssemblies (7ms)
				RefreshPlugins (1ms)
				BeforeProcessingInitializeOnLoad (1173ms)
				ProcessInitializeOnLoadAttributes (514ms)
				ProcessInitializeOnLoadMethodAttributes (51ms)
				AfterProcessingInitializeOnLoad (136ms)
				EditorAssembliesLoaded (0ms)
			ExecutionOrderSort2 (0ms)
			AwakeInstancesAfterBackupRestoration (39ms)
Platform modules already initialized, skipping
Switching build target platform(19) subTarget(0) extendedPlatform(0) -> platform(13) subTarget(589824) extendedPlatform(0)
Refreshing native plugins compatible for Editor in 0.99 ms, found 3 plugins.
Preloading 0 native plugins for Editor in 0.00 ms.
Unloading 2087 Unused Serialized files (Serialized files now loaded: 0)
System memory in use before: 97.0 MB.
System memory in use after: 97.0 MB.

Unloading 21 unused Assets to reduce memory usage. Loaded Objects now: 2605.
Total: 5.625800 ms (FindLiveObjects: 0.524300 ms CreateObjectMapping: 0.143600 ms MarkObjects: 4.636300 ms  DeleteObjects: 0.318600 ms)

AssetImportParameters requested are different than current active one (requested -> active):
  custom:framework-win-MediaFoundation: 216162199b28c13a410421893ffa2e32 -> 
  custom:video-decoder-ogg-theora: a1e56fd34408186e4bbccfd4996cb3dc -> 
  custom:container-muxer-webm: aa71ff27fc2769a1b78a27578f13a17b -> 
  custom:container-demuxer-webm: 4f35f7cbe854078d1ac9338744f61a02 -> 
  custom:container-demuxer-ogg: 62fdf1f143b41e24485cea50d1cbac27 -> 
  custom:video-encoder-webm-vp8: eb34c28f22e8b96e1ab97ce403110664 -> 
  custom:video-codec-MediaFoundation-h265: 746d11721c4dcdbdad8f713fa42b33f4 -> 
  custom:video-decoder-webm-vp8: 9c59270c3fd7afecdb556c50c9e8de78 -> 
  custom:graphics/normal-map-encoding: 01000000000000000000000000000000 -> 02000000000000000000000000000000
  custom:audio-decoder-ogg-vorbis: bf7c407c2cedff20999df2af8eb42d56 -> 
  custom:audio-encoder-webm-vorbis: bf7c407c2cedff20999df2af8eb42d56 -> 
